# JRE version: Java(TM) SE Runtime Environment (23.0.1+11) (build 23.0.1+11-39)
# Java VM: Java HotSpot(TM) 64-Bit Server VM (23.0.1+11-39, mixed mode, sharing, tiered, compressed oops, compressed class ptrs, g1 gc, windows-amd64)
GC Precious Log:
 CardTable entry size: 512
 Card Set container configuration: InlinePtr #cards 4 size 8 Array Of Cards #cards 16 size 48 Howl #buckets 8 coarsen threshold 3686 Howl Bitmap #cards 512 size 80 coarsen threshold 460 Card regions per heap region 1 cards per card region 4096
 CPUs: 8 total, 8 available
 Memory: 16304M
 Large Page Support: Disabled
 NUMA Support: Disabled
 Compressed Oops: Enabled (Zero based)
 Heap Region Size: 2M
 Heap Min Capacity: 8M
 Heap Initial Capacity: 256M
 Heap Max Capacity: 4078M
 Pre-touch: Disabled
 Parallel Workers: 8
 Concurrent Workers: 2
 Concurrent Refinement Workers: 8
 Periodic GC: Disabled
Heap:
 garbage-first heap   total reserved 4175872K, committed 108544K, used 54579K [0x0000000701200000, 0x0000000800000000)
  region size 2048K, 7 young (14336K), 2 survivors (4096K)
 Metaspace       used 31711K, committed 32064K, reserved 1114112K
  class space    used 3631K, committed 3776K, reserved 1048576K
GC Heap History (20 events):
Event: 3.772 GC heap before
{Heap before GC invocations=2 (full 0):
 garbage-first heap   total reserved 4175872K, committed 262144K, used 70487K [0x0000000701200000, 0x0000000800000000)
  region size 2048K, 33 young (67584K), 1 survivors (2048K)
 Metaspace       used 15955K, committed 16192K, reserved 1114112K
  class space    used 1949K, committed 2048K, reserved 1048576K
}
Event: 3.779 GC heap after
{Heap after GC invocations=3 (full 0):
 garbage-first heap   total reserved 4175872K, committed 262144K, used 10166K [0x0000000701200000, 0x0000000800000000)
  region size 2048K, 4 young (8192K), 4 survivors (8192K)
 Metaspace       used 15955K, committed 16192K, reserved 1114112K
  class space    used 1949K, committed 2048K, reserved 1048576K
}
Event: 5.205 GC heap before
{Heap before GC invocations=3 (full 0):
 garbage-first heap   total reserved 4175872K, committed 262144K, used 75702K [0x0000000701200000, 0x0000000800000000)
  region size 2048K, 36 young (73728K), 4 survivors (8192K)
 Metaspace       used 17619K, committed 17856K, reserved 1114112K
  class space    used 2087K, committed 2176K, reserved 1048576K
}
Event: 5.216 GC heap after
{Heap after GC invocations=4 (full 0):
 garbage-first heap   total reserved 4175872K, committed 262144K, used 14196K [0x0000000701200000, 0x0000000800000000)
  region size 2048K, 5 young (10240K), 5 survivors (10240K)
 Metaspace       used 17619K, committed 17856K, reserved 1114112K
  class space    used 2087K, committed 2176K, reserved 1048576K
}
Event: 5.762 GC heap before
{Heap before GC invocations=4 (full 0):
 garbage-first heap   total reserved 4175872K, committed 262144K, used 26484K [0x0000000701200000, 0x0000000800000000)
  region size 2048K, 12 young (24576K), 5 survivors (10240K)
 Metaspace       used 21192K, committed 21504K, reserved 1114112K
  class space    used 2554K, committed 2688K, reserved 1048576K
}
Event: 5.768 GC heap after
{Heap after GC invocations=5 (full 0):
 garbage-first heap   total reserved 4175872K, committed 262144K, used 14839K [0x0000000701200000, 0x0000000800000000)
  region size 2048K, 3 young (6144K), 3 survivors (6144K)
 Metaspace       used 21192K, committed 21504K, reserved 1114112K
  class space    used 2554K, committed 2688K, reserved 1048576K
}
Event: 7.241 GC heap before
{Heap before GC invocations=6 (full 0):
 garbage-first heap   total reserved 4175872K, committed 55296K, used 53751K [0x0000000701200000, 0x0000000800000000)
  region size 2048K, 22 young (45056K), 3 survivors (6144K)
 Metaspace       used 26383K, committed 26752K, reserved 1114112K
  class space    used 3130K, committed 3328K, reserved 1048576K
}
Event: 7.257 GC heap after
{Heap after GC invocations=7 (full 0):
 garbage-first heap   total reserved 4175872K, committed 73728K, used 28433K [0x0000000701200000, 0x0000000800000000)
  region size 2048K, 9 young (18432K), 9 survivors (18432K)
 Metaspace       used 26383K, committed 26752K, reserved 1114112K
  class space    used 3130K, committed 3328K, reserved 1048576K
}
Event: 7.619 GC heap before
{Heap before GC invocations=7 (full 0):
 garbage-first heap   total reserved 4175872K, committed 73728K, used 48913K [0x0000000701200000, 0x0000000800000000)
  region size 2048K, 19 young (38912K), 9 survivors (18432K)
 Metaspace       used 26681K, committed 27072K, reserved 1114112K
  class space    used 3152K, committed 3328K, reserved 1048576K
}
Event: 7.649 GC heap after
{Heap after GC invocations=8 (full 0):
 garbage-first heap   total reserved 4175872K, committed 73728K, used 30897K [0x0000000701200000, 0x0000000800000000)
  region size 2048K, 2 young (4096K), 2 survivors (4096K)
 Metaspace       used 26681K, committed 27072K, reserved 1114112K
  class space    used 3152K, committed 3328K, reserved 1048576K
}
Event: 8.481 GC heap before
{Heap before GC invocations=8 (full 0):
 garbage-first heap   total reserved 4175872K, committed 73728K, used 55473K [0x0000000701200000, 0x0000000800000000)
  region size 2048K, 15 young (30720K), 2 survivors (4096K)
 Metaspace       used 28637K, committed 29056K, reserved 1114112K
  class space    used 3384K, committed 3584K, reserved 1048576K
}
Event: 8.521 GC heap after
{Heap after GC invocations=9 (full 0):
 garbage-first heap   total reserved 4175872K, committed 73728K, used 35601K [0x0000000701200000, 0x0000000800000000)
  region size 2048K, 2 young (4096K), 2 survivors (4096K)
 Metaspace       used 28637K, committed 29056K, reserved 1114112K
  class space    used 3384K, committed 3584K, reserved 1048576K
}
Event: 9.368 GC heap before
{Heap before GC invocations=9 (full 0):
 garbage-first heap   total reserved 4175872K, committed 73728K, used 60177K [0x0000000701200000, 0x0000000800000000)
  region size 2048K, 14 young (28672K), 2 survivors (4096K)
 Metaspace       used 29201K, committed 29568K, reserved 1114112K
  class space    used 3417K, committed 3584K, reserved 1048576K
}
Event: 9.400 GC heap after
{Heap after GC invocations=10 (full 0):
 garbage-first heap   total reserved 4175872K, committed 73728K, used 38567K [0x0000000701200000, 0x0000000800000000)
  region size 2048K, 2 young (4096K), 2 survivors (4096K)
 Metaspace       used 29201K, committed 29568K, reserved 1114112K
  class space    used 3417K, committed 3584K, reserved 1048576K
}
Event: 9.717 GC heap before
{Heap before GC invocations=10 (full 0):
 garbage-first heap   total reserved 4175872K, committed 73728K, used 59047K [0x0000000701200000, 0x0000000800000000)
  region size 2048K, 13 young (26624K), 2 survivors (4096K)
 Metaspace       used 29274K, committed 29632K, reserved 1114112K
  class space    used 3417K, committed 3584K, reserved 1048576K
}
Event: 9.727 GC heap after
{Heap after GC invocations=11 (full 0):
 garbage-first heap   total reserved 4175872K, committed 108544K, used 48119K [0x0000000701200000, 0x0000000800000000)
  region size 2048K, 2 young (4096K), 2 survivors (4096K)
 Metaspace       used 29274K, committed 29632K, reserved 1114112K
  class space    used 3417K, committed 3584K, reserved 1048576K
}
Event: 10.367 GC heap before
{Heap before GC invocations=12 (full 0):
 garbage-first heap   total reserved 4175872K, committed 108544K, used 80887K [0x0000000701200000, 0x0000000800000000)
  region size 2048K, 18 young (36864K), 2 survivors (4096K)
 Metaspace       used 29419K, committed 29824K, reserved 1114112K
  class space    used 3419K, committed 3584K, reserved 1048576K
}
Event: 10.373 GC heap after
{Heap after GC invocations=13 (full 0):
 garbage-first heap   total reserved 4175872K, committed 108544K, used 49522K [0x0000000701200000, 0x0000000800000000)
  region size 2048K, 2 young (4096K), 2 survivors (4096K)
 Metaspace       used 29419K, committed 29824K, reserved 1114112K
  class space    used 3419K, committed 3584K, reserved 1048576K
}
Event: 10.877 GC heap before
{Heap before GC invocations=13 (full 0):
 garbage-first heap   total reserved 4175872K, committed 108544K, used 82290K [0x0000000701200000, 0x0000000800000000)
  region size 2048K, 18 young (36864K), 2 survivors (4096K)
 Metaspace       used 30850K, committed 31232K, reserved 1114112K
  class space    used 3553K, committed 3712K, reserved 1048576K
}
Event: 10.928 GC heap after
{Heap after GC invocations=14 (full 0):
 garbage-first heap   total reserved 4175872K, committed 108544K, used 46387K [0x0000000701200000, 0x0000000800000000)
  region size 2048K, 2 young (4096K), 2 survivors (4096K)
 Metaspace       used 30850K, committed 31232K, reserved 1114112K
  class space    used 3553K, committed 3712K, reserved 1048576K
}

